Thu 24 Aug 2023 04:20:29 PM UTC: 
 list.c | 7 ++++++-
 1 file changed, 6 insertions(+), 1 deletion(-)
In file included from test.c:5:
list.c: In function ‘createList’:
list.c:32:17: error: expected expression before ‘List’
   32 |   List lista= (*List)
      |                 ^~~~
list.c:33:3: error: expected ‘,’ or ‘;’ before ‘malloc’
   33 |   malloc(sizeof(List));
      |   ^~~~~~
list.c:34:8: error: invalid type argument of ‘->’ (have ‘List’ {aka ‘struct List’})
   34 |   lista->head=NULL;
      |        ^~
list.c:35:8: error: invalid type argument of ‘->’ (have ‘List’ {aka ‘struct List’})
   35 |   lista->tail=NULL;
      |        ^~
list.c:36:8: error: invalid type argument of ‘->’ (have ‘List’ {aka ‘struct List’})
   36 |   lista->current=NULL;
      |        ^~
list.c:37:13: error: incompatible types when returning type ‘List’ {aka ‘struct List’} but ‘List *’ {aka ‘struct List *’} was expected
   37 |      return lista;
      |             ^~~~~
list.c:38:1: error: control reaches end of non-void function [-Werror=return-type]
   38 | }
      | ^
cc1: all warnings being treated as errors
Compilation failed
0437c9c
Thu 24 Aug 2023 04:21:33 PM UTC: 
 list.c | 3 +--
 1 file changed, 1 insertion(+), 2 deletions(-)
In file included from test.c:5:
list.c: In function ‘createList’:
list.c:32:18: error: expected expression before ‘List’
   32 |   List* lista= (*List)malloc(sizeof(List));
      |                  ^~~~
list.c:32:23: error: expected ‘,’ or ‘;’ before ‘malloc’
   32 |   List* lista= (*List)malloc(sizeof(List));
      |                       ^~~~~~
Compilation failed
d1cb5b4
Thu 24 Aug 2023 04:22:50 PM UTC: 
 list.c | 2 +-
 1 file changed, 1 insertion(+), 1 deletion(-)
 tests:  1|5
total_score: 10/70
aabd3e5
Thu 24 Aug 2023 04:30:53 PM UTC: 
 list.c | 2 ++
 1 file changed, 2 insertions(+)
In file included from test.c:5:
list.c: In function ‘firstList’:
list.c:40:6: error: ‘lista’ undeclared (first use in this function); did you mean ‘list’?
   40 |   if(lista->head==NULL)
      |      ^~~~~
      |      list
list.c:40:6: note: each undeclared identifier is reported only once for each function it appears in
list.c:43:1: error: control reaches end of non-void function [-Werror=return-type]
   43 | }
      | ^
cc1: all warnings being treated as errors
Compilation failed
9ef8384
Thu 24 Aug 2023 04:36:10 PM UTC: 
 list.c | 1 +
 1 file changed, 1 insertion(+)
In file included from test.c:5:
list.c: In function ‘firstList’:
list.c:40:6: error: ‘lista’ undeclared (first use in this function); did you mean ‘list’?
   40 |   if(lista->head==NULL)
      |      ^~~~~
      |      list
list.c:40:6: note: each undeclared identifier is reported only once for each function it appears in
list.c:44:1: error: control reaches end of non-void function [-Werror=return-type]
   44 | }
      | ^
cc1: all warnings being treated as errors
Compilation failed
b1bdb7c
Thu 24 Aug 2023 04:39:39 PM UTC: 
 list.c | 6 +++---
 1 file changed, 3 insertions(+), 3 deletions(-)
 tests:  2|5
total_score: 15/70
e2e7b27
Thu 24 Aug 2023 04:48:42 PM UTC: 
 list.c | 1 +
 1 file changed, 1 insertion(+)
In file included from test.c:5:
list.c: In function ‘nextList’:
list.c:49:1: error: control reaches end of non-void function [-Werror=return-type]
   49 | }
      | ^
cc1: all warnings being treated as errors
Compilation failed
eb930fc
Thu 24 Aug 2023 04:50:01 PM UTC: 
 list.c | 3 +--
 1 file changed, 1 insertion(+), 2 deletions(-)
In file included from test.c:5:
list.c: In function ‘nextList’:
list.c:48:1: error: control reaches end of non-void function [-Werror=return-type]
   48 | }
      | ^
cc1: all warnings being treated as errors
Compilation failed
d39b7a1
Thu 24 Aug 2023 04:53:10 PM UTC: 
 list.c | 2 ++
 1 file changed, 2 insertions(+)
 tests:  2|5
total_score: 15/70
e56b05f
Thu 24 Aug 2023 04:54:26 PM UTC: 
 list.c | 2 +-
 1 file changed, 1 insertion(+), 1 deletion(-)
 tests:  5|4
total_score: 25/70
5b1bfdf
Thu 24 Aug 2023 04:57:47 PM UTC: 
 list.c | 4 +++-
 1 file changed, 3 insertions(+), 1 deletion(-)
In file included from test.c:5:
list.c: In function ‘lastList’:
list.c:55:21: error: ‘data’ undeclared (first use in this function)
   55 |   return list->tail>data
      |                     ^~~~
list.c:55:21: note: each undeclared identifier is reported only once for each function it appears in
list.c:55:25: error: expected ‘;’ before ‘}’ token
   55 |   return list->tail>data
      |                         ^
      |                         ;
   56 | }
      | ~                        
list.c:56:1: error: control reaches end of non-void function [-Werror=return-type]
   56 | }
      | ^
cc1: all warnings being treated as errors
Compilation failed
4500541
Thu 24 Aug 2023 04:58:01 PM UTC: 
 list.c | 2 +-
 1 file changed, 1 insertion(+), 1 deletion(-)
In file included from test.c:5:
list.c: In function ‘lastList’:
list.c:55:21: error: ‘data’ undeclared (first use in this function)
   55 |   return list->tail>data;
      |                     ^~~~
list.c:55:21: note: each undeclared identifier is reported only once for each function it appears in
list.c:56:1: error: control reaches end of non-void function [-Werror=return-type]
   56 | }
      | ^
cc1: all warnings being treated as errors
Compilation failed
0fbcc7f
Thu 24 Aug 2023 05:01:23 PM UTC: 
 list.c | 4 ++--
 1 file changed, 2 insertions(+), 2 deletions(-)
 tests:  6|4
total_score: 25/70
79f23d0
Thu 24 Aug 2023 05:08:19 PM UTC: 
 list.c | 2 +-
 1 file changed, 1 insertion(+), 1 deletion(-)
 tests:  6|4
total_score: 25/70
d9a0d2c
Thu 24 Aug 2023 05:12:55 PM UTC: 
 list.c | 4 +++-
 1 file changed, 3 insertions(+), 1 deletion(-)
 tests:  6|4
total_score: 25/70
02f7943
Thu 24 Aug 2023 05:14:52 PM UTC: 
 list.c | 4 ++--
 1 file changed, 2 insertions(+), 2 deletions(-)
 tests:  6|4
total_score: 25/70
bdfff00
Thu 24 Aug 2023 05:15:48 PM UTC: 
 list.c | 2 +-
 1 file changed, 1 insertion(+), 1 deletion(-)
 tests:  9|3
total_score: 35/70
5dc7d11
Thu 24 Aug 2023 05:18:26 PM UTC: 
 list.c | 3 +++
 1 file changed, 3 insertions(+)
In file included from test.c:5:
list.c: In function ‘pushFront’:
list.c:66:12: error: ‘return’ with a value, in function returning void [-Werror=return-type]
   66 |     return NULL;
      |            ^~~~
list.c:64:6: note: declared here
   64 | void pushFront(List * list, void * data) {
      |      ^~~~~~~~~
cc1: all warnings being treated as errors
Compilation failed
88e2fd4
Thu 24 Aug 2023 05:18:40 PM UTC: 
 list.c | 3 +--
 1 file changed, 1 insertion(+), 2 deletions(-)
In file included from test.c:5:
list.c: In function ‘pushFront’:
list.c:65:63: error: ‘return’ with a value, in function returning void [-Werror=return-type]
   65 |   if(list->current==NULL || list->current->prev==NULL) return NULL;
      |                                                               ^~~~
list.c:64:6: note: declared here
   64 | void pushFront(List * list, void * data) {
      |      ^~~~~~~~~
cc1: all warnings being treated as errors
Compilation failed
0e9d4a7
Thu 24 Aug 2023 05:25:19 PM UTC: 
 list.c | 7 +++++--
 1 file changed, 5 insertions(+), 2 deletions(-)
In file included from test.c:5:
list.c: In function ‘pushCurrent’:
list.c:75:9: error: unused variable ‘nuevo’ [-Werror=unused-variable]
   75 |   Node *nuevo = createNode(data);
      |         ^~~~~
cc1: all warnings being treated as errors
Compilation failed
21d547e
Thu 24 Aug 2023 05:35:38 PM UTC: 
 list.c | 5 +++--
 1 file changed, 3 insertions(+), 2 deletions(-)
In file included from test.c:5:
list.c: In function ‘pushCurrent’:
list.c:76:63: error: ‘return’ with a value, in function returning void [-Werror=return-type]
   76 |   if(list->current==NULL || list->current->next==NULL) return NULL;
      |                                                               ^~~~
list.c:74:6: note: declared here
   74 | void pushCurrent(List * list, void * data) {
      |      ^~~~~~~~~~~
cc1: all warnings being treated as errors
Compilation failed
9022fa0
Thu 24 Aug 2023 05:37:12 PM UTC: 
 list.c | 1 +
 1 file changed, 1 insertion(+)
In file included from test.c:5:
list.c: In function ‘pushCurrent’:
list.c:76:63: error: ‘return’ with a value, in function returning void [-Werror=return-type]
   76 |   if(list->current==NULL || list->current->next==NULL) return NULL;
      |                                                               ^~~~
list.c:74:6: note: declared here
   74 | void pushCurrent(List * list, void * data) {
      |      ^~~~~~~~~~~
cc1: all warnings being treated as errors
Compilation failed
34f622c
Thu 24 Aug 2023 05:37:58 PM UTC: 
 list.c | 2 +-
 1 file changed, 1 insertion(+), 1 deletion(-)
In file included from test.c:5:
list.c: In function ‘pushCurrent’:
list.c:76:25: error: ‘return’ with a value, in function returning void [-Werror=return-type]
   76 |   if(list==NULL) return NULL;
      |                         ^~~~
list.c:74:6: note: declared here
   74 | void pushCurrent(List * list, void * data) {
      |      ^~~~~~~~~~~
cc1: all warnings being treated as errors
Compilation failed
9411d9b
Thu 24 Aug 2023 05:38:31 PM UTC: 
 list.c | 2 +-
 1 file changed, 1 insertion(+), 1 deletion(-)
In file included from test.c:5:
list.c: In function ‘pushCurrent’:
list.c:76:31: error: ‘return’ with a value, in function returning void [-Werror=return-type]
   76 |   if(list->head==NULL) return NULL;
      |                               ^~~~
list.c:74:6: note: declared here
   74 | void pushCurrent(List * list, void * data) {
      |      ^~~~~~~~~~~
cc1: all warnings being treated as errors
Compilation failed
e25ce69
Thu 24 Aug 2023 05:41:08 PM UTC: 
 list.c | 4 ++--
 1 file changed, 2 insertions(+), 2 deletions(-)
 tests:  9|3
total_score: 35/70
8e5cdf7
Thu 24 Aug 2023 05:54:12 PM UTC: 
 list.c | 10 ++++++++--
 1 file changed, 8 insertions(+), 2 deletions(-)
 tests:  9|3
total_score: 35/70
0de07a3
Thu 24 Aug 2023 05:56:15 PM UTC: 
 list.c | 2 ++
 1 file changed, 2 insertions(+)
 tests:  10|2
total_score: 45/70
e7c84c1
Thu 24 Aug 2023 05:58:40 PM UTC: 
 list.c | 7 ++++---
 1 file changed, 4 insertions(+), 3 deletions(-)
 tests:  11|1
total_score: 55/70
d3b1a63
Thu 24 Aug 2023 07:01:56 PM UTC: 
 list.c | 13 +++++++++++++
 1 file changed, 13 insertions(+)
In file included from test.c:5:
list.c: In function ‘popCurrent’:
list.c:105:11: error: unused variable ‘temp’ [-Werror=unused-variable]
  105 |     Node *temp = list->current;
      |           ^~~~
list.c:104:11: error: unused variable ‘data’ [-Werror=unused-variable]
  104 |     void *data = list->current->data;
      |           ^~~~
list.c:113:10: error: ‘data’ undeclared (first use in this function)
  113 |   return data;
      |          ^~~~
list.c:113:10: note: each undeclared identifier is reported only once for each function it appears in
cc1: all warnings being treated as errors
Compilation failed
47584f3
Thu 24 Aug 2023 07:03:25 PM UTC: 
 list.c | 1 +
 1 file changed, 1 insertion(+)
In file included from test.c:5:
list.c: In function ‘popCurrent’:
list.c:105:11: error: unused variable ‘temp’ [-Werror=unused-variable]
  105 |     Node *temp = list->current;
      |           ^~~~
list.c:104:11: error: unused variable ‘data’ [-Werror=unused-variable]
  104 |     void *data = list->current->data;
      |           ^~~~
list.c:113:10: error: ‘data’ undeclared (first use in this function)
  113 |   return data;
      |          ^~~~
list.c:113:10: note: each undeclared identifier is reported only once for each function it appears in
list.c:114:8: error: ‘temp’ undeclared (first use in this function)
  114 |   free(temp);
      |        ^~~~
cc1: all warnings being treated as errors
Compilation failed
0436901
Thu 24 Aug 2023 07:06:03 PM UTC: 
 list.c | 5 +++--
 1 file changed, 3 insertions(+), 2 deletions(-)
In file included from test.c:5:
list.c: In function ‘popCurrent’:
list.c:105:11: error: unused variable ‘temp’ [-Werror=unused-variable]
  105 |     Node *temp = list->current;
      |           ^~~~
list.c:104:11: error: unused variable ‘data’ [-Werror=unused-variable]
  104 |     void *data = list->current->data;
      |           ^~~~
list.c:112:22: error: statement with no effect [-Werror=unused-value]
  112 |     list->tail->next == NULL;
      |                      ^
list.c:116:10: error: ‘data’ undeclared (first use in this function)
  116 |   return data;
      |          ^~~~
list.c:116:10: note: each undeclared identifier is reported only once for each function it appears in
list.c:118:1: error: control reaches end of non-void function [-Werror=return-type]
  118 | }
      | ^
cc1: all warnings being treated as errors
Compilation failed
c586a81
Thu 24 Aug 2023 07:07:24 PM UTC: 
 list.c | 4 +++-
 1 file changed, 3 insertions(+), 1 deletion(-)
In file included from test.c:5:
list.c: In function ‘popCurrent’:
list.c:105:11: error: unused variable ‘temp’ [-Werror=unused-variable]
  105 |     Node *temp = list->current;
      |           ^~~~
list.c:104:11: error: unused variable ‘data’ [-Werror=unused-variable]
  104 |     void *data = list->current->data;
      |           ^~~~
list.c:114:22: error: statement with no effect [-Werror=unused-value]
  114 |     list->tail->next == NULL;
      |                      ^
list.c:118:10: error: ‘data’ undeclared (first use in this function)
  118 |   return data;
      |          ^~~~
list.c:118:10: note: each undeclared identifier is reported only once for each function it appears in
list.c:120:1: error: control reaches end of non-void function [-Werror=return-type]
  120 | }
      | ^
cc1: all warnings being treated as errors
Compilation failed
6545cab
Thu 24 Aug 2023 07:13:20 PM UTC: 
 list.c | 19 +++++++++++++------
 1 file changed, 13 insertions(+), 6 deletions(-)
In file included from test.c:5:
list.c: In function ‘popCurrent’:
list.c:106:11: error: unused variable ‘temp’ [-Werror=unused-variable]
  106 |     Node *temp = list->current;
      |           ^~~~
list.c:105:11: error: unused variable ‘data’ [-Werror=unused-variable]
  105 |     void *data = list->current->data;
      |           ^~~~
list.c:115:22: error: statement with no effect [-Werror=unused-value]
  115 |     list->tail->next == NULL;
      |                      ^
list.c:125:8: error: ‘temp’ undeclared (first use in this function)
  125 |   free(temp);
      |        ^~~~
list.c:125:8: note: each undeclared identifier is reported only once for each function it appears in
list.c:126:10: error: ‘data’ undeclared (first use in this function)
  126 |   return data;
      |          ^~~~
list.c:127:1: error: control reaches end of non-void function [-Werror=return-type]
  127 | }
      | ^
cc1: all warnings being treated as errors
Compilation failed
4b2d1ad
Thu 24 Aug 2023 07:15:58 PM UTC: 
 list.c | 10 ++++++----
 1 file changed, 6 insertions(+), 4 deletions(-)
 tests:  12|0
total_score: 70/70
1c99ab8
Thu 24 Aug 2023 07:18:32 PM UTC: 
 list.c | 12 ++++++------
 1 file changed, 6 insertions(+), 6 deletions(-)
In file included from test.c:5:
list.c: In function ‘popCurrent’:
list.c:108:11: error: unused variable ‘temp’ [-Werror=unused-variable]
  108 |     Node *temp = list->current;
      |           ^~~~
list.c:107:11: error: unused variable ‘data’ [-Werror=unused-variable]
  107 |     void *data = list->current->data;
      |           ^~~~
list.c:117:22: error: statement with no effect [-Werror=unused-value]
  117 |     list->tail->next == NULL;
      |                      ^
cc1: all warnings being treated as errors
Compilation failed
2d28a0c
Thu 24 Aug 2023 07:20:02 PM UTC: 
 list.c | 5 ++---
 1 file changed, 2 insertions(+), 3 deletions(-)
In file included from test.c:5:
list.c: In function ‘popCurrent’:
list.c:115:24: error: statement with no effect [-Werror=unused-value]
  115 |       list->tail->next == NULL;
      |                        ^
list.c:105:11: error: unused variable ‘data’ [-Werror=unused-variable]
  105 |     void *data = list->current->data;
      |           ^~~~
list.c:127:10: error: ‘data’ undeclared (first use in this function)
  127 |   return data;
      |          ^~~~
list.c:127:10: note: each undeclared identifier is reported only once for each function it appears in
list.c:128:1: error: control reaches end of non-void function [-Werror=return-type]
  128 | }
      | ^
cc1: all warnings being treated as errors
Compilation failed
a01c7b1
Thu 24 Aug 2023 07:21:33 PM UTC: 
 list.c | 2 +-
 1 file changed, 1 insertion(+), 1 deletion(-)
In file included from test.c:5:
list.c: In function ‘popCurrent’:
list.c:105:11: error: unused variable ‘data’ [-Werror=unused-variable]
  105 |     void *data = list->current->data;
      |           ^~~~
list.c:127:10: error: ‘data’ undeclared (first use in this function)
  127 |   return data;
      |          ^~~~
list.c:127:10: note: each undeclared identifier is reported only once for each function it appears in
list.c:128:1: error: control reaches end of non-void function [-Werror=return-type]
  128 | }
      | ^
cc1: all warnings being treated as errors
Compilation failed
8c93252
Thu 24 Aug 2023 07:22:08 PM UTC: 
 list.c | 3 ++-
 1 file changed, 2 insertions(+), 1 deletion(-)
In file included from test.c:5:
list.c: In function ‘popCurrent’:
list.c:105:11: error: unused variable ‘data’ [-Werror=unused-variable]
  105 |     void *data = list->current->data;
      |           ^~~~
list.c:128:10: error: ‘data’ undeclared (first use in this function)
  128 |   return data;
      |          ^~~~
list.c:128:10: note: each undeclared identifier is reported only once for each function it appears in
list.c:129:1: error: control reaches end of non-void function [-Werror=return-type]
  129 | }
      | ^
cc1: all warnings being treated as errors
Compilation failed
0a664e3
